<?xml version="1.0" encoding="UTF-8"?>
<!-- Generated by org.testng.reporters.JUnitReportReporter -->
<testsuite hostname="DESKTOP-C0QFP17" failures="0" tests="1" name="testdemo.Login" time="34.818" errors="0" timestamp="2022-05-05T14:04:43 IST" skipped="0">
  <testcase classname="testdemo.Login" name="appCommands" time="34.818"/>
  <system-out/>
</testsuite> <!-- testdemo.Login -->
