<?xml version="1.0" encoding="UTF-8"?>
<!-- Generated by org.testng.reporters.JUnitReportReporter -->
<testsuite hostname="DESKTOP-C0QFP17" failures="0" tests="1" name="testdemo.Login" time="32.841" errors="0" timestamp="2022-05-05T12:51:46 IST" skipped="0">
  <testcase classname="testdemo.Login" name="appHamburger" time="32.841"/>
  <system-out/>
</testsuite> <!-- testdemo.Login -->
